<?xml version="1.0" encoding="UTF-8"?>
<testsuites>
  <testsuite name="" tests="4" assertions="4" errors="0" warnings="0" failures="0" skipped="0" time="0.015299">
    <testsuite name="appendix" tests="4" assertions="4" errors="0" warnings="0" failures="0" skipped="0" time="0.015299">
      <testsuite name="ArrayHasKeyTest" file="/home/ben/mine/code/phpunit/tests/appendix/ArrayHasKeyTest.php" tests="4" assertions="4" errors="0" warnings="0" failures="0" skipped="0" time="0.015299">
        <testcase name="testFailure" class="ArrayHasKeyTest" classname="ArrayHasKeyTest" file="/home/ben/mine/code/phpunit/tests/appendix/ArrayHasKeyTest.php" line="12" assertions="1" time="0.010751"/>
        <testcase name="testFailure2" class="ArrayHasKeyTest" classname="ArrayHasKeyTest" file="/home/ben/mine/code/phpunit/tests/appendix/ArrayHasKeyTest.php" line="29" assertions="1" time="0.001726"/>
        <testcase name="testAttribute" class="ArrayHasKeyTest" classname="ArrayHasKeyTest" file="/home/ben/mine/code/phpunit/tests/appendix/ArrayHasKeyTest.php" line="20" assertions="1" time="0.001954"/>
        <testcase name="testWithDelta" class="ArrayHasKeyTest" classname="ArrayHasKeyTest" file="/home/ben/mine/code/phpunit/tests/appendix/ArrayHasKeyTest.php" line="37" assertions="1" time="0.000867"/>
      </testsuite>
    </testsuite>
  </testsuite>
</testsuites>
